Looking in indexes: https://pypi.org/simple, https://www.piwheels.org/simple
Requirement already satisfied: Adafruit-DHT==1.4.0 in /usr/local/lib/python3.9/dist-packages (from -r /home/ceojoe/FTP/temperature_probes/requirements.txt (line 1)) (1.4.0)
Requirement already satisfied: arandr==0.1.10 in /usr/lib/python3/dist-packages (from -r /home/ceojoe/FTP/temperature_probes/requirements.txt (line 2)) (0.1.10)
Requirement already satisfied: astroid==2.5.1 in /usr/lib/python3/dist-packages (from -r /home/ceojoe/FTP/temperature_probes/requirements.txt (line 3)) (2.5.1)
Requirement already satisfied: asttokens==2.0.4 in /usr/lib/python3/dist-packages (from -r /home/ceojoe/FTP/temperature_probes/requirements.txt (line 4)) (2.0.4)
Requirement already satisfied: automationhat==0.2.0 in /usr/lib/python3/dist-packages (from -r /home/ceojoe/FTP/temperature_probes/requirements.txt (line 5)) (0.2.0)
Requirement already satisfied: beautifulsoup4==4.9.3 in /usr/lib/python3/dist-packages (from -r /home/ceojoe/FTP/temperature_probes/requirements.txt (line 6)) (4.9.3)
Requirement already satisfied: bidict==0.22.1 in /home/ceojoe/.local/lib/python3.9/site-packages (from -r /home/ceojoe/FTP/temperature_probes/requirements.txt (line 7)) (0.22.1)
Requirement already satisfied: blinker==1.6.3 in /home/ceojoe/.local/lib/python3.9/site-packages (from -r /home/ceojoe/FTP/temperature_probes/requirements.txt (line 8)) (1.6.3)
Requirement already satisfied: blinkt==0.1.2 in /usr/lib/python3/dist-packages (from -r /home/ceojoe/FTP/temperature_probes/requirements.txt (line 9)) (0.1.2)
Requirement already satisfied: buttonshim==0.0.2 in /usr/lib/python3/dist-packages (from -r /home/ceojoe/FTP/temperature_probes/requirements.txt (line 10)) (0.0.2)
Requirement already satisfied: Cap1xxx==0.1.3 in /usr/lib/python3/dist-packages (from -r /home/ceojoe/FTP/temperature_probes/requirements.txt (line 11)) (0.1.3)
Requirement already satisfied: certifi==2020.6.20 in /usr/lib/python3/dist-packages (from -r /home/ceojoe/FTP/temperature_probes/requirements.txt (line 12)) (2020.6.20)
Requirement already satisfied: chardet==4.0.0 in /usr/lib/python3/dist-packages (from -r /home/ceojoe/FTP/temperature_probes/requirements.txt (line 13)) (4.0.0)
Requirement already satisfied: click==8.1.7 in /home/ceojoe/.local/lib/python3.9/site-packages (from -r /home/ceojoe/FTP/temperature_probes/requirements.txt (line 14)) (8.1.7)
Requirement already satisfied: colorama==0.4.6 in /home/ceojoe/.local/lib/python3.9/site-packages (from -r /home/ceojoe/FTP/temperature_probes/requirements.txt (line 15)) (0.4.6)
Requirement already satisfied: colorzero==2.0 in /home/ceojoe/.local/lib/python3.9/site-packages (from -r /home/ceojoe/FTP/temperature_probes/requirements.txt (line 16)) (2.0)
Requirement already satisfied: cryptography==3.3.2 in /usr/lib/python3/dist-packages (from -r /home/ceojoe/FTP/temperature_probes/requirements.txt (line 17)) (3.3.2)
Requirement already satisfied: cupshelpers==1.0 in /usr/lib/python3/dist-packages (from -r /home/ceojoe/FTP/temperature_probes/requirements.txt (line 18)) (1.0)
Requirement already satisfied: cycler==0.12.1 in /home/ceojoe/.local/lib/python3.9/site-packages (from -r /home/ceojoe/FTP/temperature_probes/requirements.txt (line 19)) (0.12.1)
Requirement already satisfied: dbus-python==1.2.16 in /usr/lib/python3/dist-packages (from -r /home/ceojoe/FTP/temperature_probes/requirements.txt (line 20)) (1.2.16)
Requirement already satisfied: distro==1.5.0 in /usr/lib/python3/dist-packages (from -r /home/ceojoe/FTP/temperature_probes/requirements.txt (line 21)) (1.5.0)
Requirement already satisfied: docutils==0.16 in /usr/lib/python3/dist-packages (from -r /home/ceojoe/FTP/temperature_probes/requirements.txt (line 22)) (0.16)
Requirement already satisfied: drumhat==0.1.0 in /usr/lib/python3/dist-packages (from -r /home/ceojoe/FTP/temperature_probes/requirements.txt (line 23)) (0.1.0)
Requirement already satisfied: envirophat==1.0.0 in /usr/lib/python3/dist-packages (from -r /home/ceojoe/FTP/temperature_probes/requirements.txt (line 24)) (1.0.0)
Requirement already satisfied: ExplorerHAT==0.4.2 in /usr/lib/python3/dist-packages (from -r /home/ceojoe/FTP/temperature_probes/requirements.txt (line 25)) (0.4.2)
Requirement already satisfied: flask==3.0.0 in /home/ceojoe/.local/lib/python3.9/site-packages (from -r /home/ceojoe/FTP/temperature_probes/requirements.txt (line 26)) (3.0.0)
Requirement already satisfied: Flask-SocketIO==5.3.6 in /home/ceojoe/.local/lib/python3.9/site-packages (from -r /home/ceojoe/FTP/temperature_probes/requirements.txt (line 27)) (5.3.6)
Requirement already satisfied: fonttools==4.44.0 in /home/ceojoe/.local/lib/python3.9/site-packages (from -r /home/ceojoe/FTP/temperature_probes/requirements.txt (line 28)) (4.44.0)
Requirement already satisfied: fourletterphat==0.1.0 in /usr/lib/python3/dist-packages (from -r /home/ceojoe/FTP/temperature_probes/requirements.txt (line 29)) (0.1.0)
Requirement already satisfied: gpiozero==2.0 in /home/ceojoe/.local/lib/python3.9/site-packages (from -r /home/ceojoe/FTP/temperature_probes/requirements.txt (line 30)) (2.0)
Requirement already satisfied: guizero==1.4.0 in /home/ceojoe/.local/lib/python3.9/site-packages (from -r /home/ceojoe/FTP/temperature_probes/requirements.txt (line 31)) (1.4.0)
Requirement already satisfied: gunicorn==21.2.0 in /home/ceojoe/.local/lib/python3.9/site-packages (from -r /home/ceojoe/FTP/temperature_probes/requirements.txt (line 32)) (21.2.0)
Requirement already satisfied: h11==0.14.0 in /home/ceojoe/.local/lib/python3.9/site-packages (from -r /home/ceojoe/FTP/temperature_probes/requirements.txt (line 33)) (0.14.0)
Requirement already satisfied: html5lib==1.1 in /usr/lib/python3/dist-packages (from -r /home/ceojoe/FTP/temperature_probes/requirements.txt (line 34)) (1.1)
Requirement already satisfied: idna==2.10 in /usr/lib/python3/dist-packages (from -r /home/ceojoe/FTP/temperature_probes/requirements.txt (line 35)) (2.10)
Requirement already satisfied: importlib-metadata==6.8.0 in /home/ceojoe/.local/lib/python3.9/site-packages (from -r /home/ceojoe/FTP/temperature_probes/requirements.txt (line 36)) (6.8.0)
Requirement already satisfied: isort==5.6.4 in /usr/lib/python3/dist-packages (from -r /home/ceojoe/FTP/temperature_probes/requirements.txt (line 37)) (5.6.4)
Requirement already satisfied: ISStreamer==2.0.0 in /usr/local/lib/python3.9/dist-packages (from -r /home/ceojoe/FTP/temperature_probes/requirements.txt (line 38)) (2.0.0)
Requirement already satisfied: itsdangerous==2.1.2 in /home/ceojoe/.local/lib/python3.9/site-packages (from -r /home/ceojoe/FTP/temperature_probes/requirements.txt (line 39)) (2.1.2)
Requirement already satisfied: jedi==0.18.0 in /usr/lib/python3/dist-packages (from -r /home/ceojoe/FTP/temperature_probes/requirements.txt (line 40)) (0.18.0)
Requirement already satisfied: Jinja2==3.1.2 in /home/ceojoe/.local/lib/python3.9/site-packages (from -r /home/ceojoe/FTP/temperature_probes/requirements.txt (line 41)) (3.1.2)
Requirement already satisfied: kiwisolver==1.4.5 in /home/ceojoe/.local/lib/python3.9/site-packages (from -r /home/ceojoe/FTP/temperature_probes/requirements.txt (line 42)) (1.4.5)
Requirement already satisfied: lazy-object-proxy==0.0.0 in /usr/lib/python3/dist-packages (from -r /home/ceojoe/FTP/temperature_probes/requirements.txt (line 43)) (0.0.0)
Requirement already satisfied: lobe==0.6.2 in /home/ceojoe/.local/lib/python3.9/site-packages (from -r /home/ceojoe/FTP/temperature_probes/requirements.txt (line 44)) (0.6.2)
Requirement already satisfied: logilab-common==1.8.1 in /usr/lib/python3/dist-packages (from -r /home/ceojoe/FTP/temperature_probes/requirements.txt (line 45)) (1.8.1)
Requirement already satisfied: lxml==4.6.3 in /usr/lib/python3/dist-packages (from -r /home/ceojoe/FTP/temperature_probes/requirements.txt (line 46)) (4.6.3)
Requirement already satisfied: MarkupSafe==2.1.3 in /home/ceojoe/.local/lib/python3.9/site-packages (from -r /home/ceojoe/FTP/temperature_probes/requirements.txt (line 47)) (2.1.3)
Requirement already satisfied: matplotlib==3.5.3 in /home/ceojoe/.local/lib/python3.9/site-packages (from -r /home/ceojoe/FTP/temperature_probes/requirements.txt (line 48)) (3.5.3)
Requirement already satisfied: mccabe==0.6.1 in /usr/lib/python3/dist-packages (from -r /home/ceojoe/FTP/temperature_probes/requirements.txt (line 49)) (0.6.1)
Requirement already satisfied: microdotphat==0.2.1 in /usr/lib/python3/dist-packages (from -r /home/ceojoe/FTP/temperature_probes/requirements.txt (line 50)) (0.2.1)
Requirement already satisfied: mote==0.0.4 in /usr/lib/python3/dist-packages (from -r /home/ceojoe/FTP/temperature_probes/requirements.txt (line 51)) (0.0.4)
Requirement already satisfied: motephat==0.0.3 in /usr/lib/python3/dist-packages (from -r /home/ceojoe/FTP/temperature_probes/requirements.txt (line 52)) (0.0.3)
Requirement already satisfied: mypy==0.812 in /usr/lib/python3/dist-packages (from -r /home/ceojoe/FTP/temperature_probes/requirements.txt (line 53)) (0.812)
Requirement already satisfied: mypy-extensions==0.4.3 in /usr/lib/python3/dist-packages (from -r /home/ceojoe/FTP/temperature_probes/requirements.txt (line 54)) (0.4.3)
Requirement already satisfied: numpy==1.19.5 in /usr/lib/python3/dist-packages (from -r /home/ceojoe/FTP/temperature_probes/requirements.txt (line 55)) (1.19.5)
Requirement already satisfied: oauthlib==3.1.0 in /usr/lib/python3/dist-packages (from -r /home/ceojoe/FTP/temperature_probes/requirements.txt (line 56)) (3.1.0)
Requirement already satisfied: packaging==23.2 in /home/ceojoe/.local/lib/python3.9/site-packages (from -r /home/ceojoe/FTP/temperature_probes/requirements.txt (line 57)) (23.2)
Requirement already satisfied: paho-mqtt==1.6.1 in /home/ceojoe/.local/lib/python3.9/site-packages (from -r /home/ceojoe/FTP/temperature_probes/requirements.txt (line 58)) (1.6.1)
Requirement already satisfied: pantilthat==0.0.7 in /usr/lib/python3/dist-packages (from -r /home/ceojoe/FTP/temperature_probes/requirements.txt (line 59)) (0.0.7)
Requirement already satisfied: parso==0.8.1 in /usr/lib/python3/dist-packages (from -r /home/ceojoe/FTP/temperature_probes/requirements.txt (line 60)) (0.8.1)
Requirement already satisfied: pexpect==4.8.0 in /usr/lib/python3/dist-packages (from -r /home/ceojoe/FTP/temperature_probes/requirements.txt (line 61)) (4.8.0)
Requirement already satisfied: pgzero==1.2 in /usr/lib/python3/dist-packages (from -r /home/ceojoe/FTP/temperature_probes/requirements.txt (line 62)) (1.2)
Requirement already satisfied: phatbeat==0.1.1 in /usr/lib/python3/dist-packages (from -r /home/ceojoe/FTP/temperature_probes/requirements.txt (line 63)) (0.1.1)
Requirement already satisfied: pianohat==0.1.0 in /usr/lib/python3/dist-packages (from -r /home/ceojoe/FTP/temperature_probes/requirements.txt (line 64)) (0.1.0)
Requirement already satisfied: picamera==1.13 in /usr/lib/python3/dist-packages (from -r /home/ceojoe/FTP/temperature_probes/requirements.txt (line 65)) (1.13)
Requirement already satisfied: picamera2==0.3.12 in /usr/lib/python3/dist-packages (from -r /home/ceojoe/FTP/temperature_probes/requirements.txt (line 66)) (0.3.12)
Requirement already satisfied: pidng==4.0.9 in /usr/lib/python3/dist-packages (from -r /home/ceojoe/FTP/temperature_probes/requirements.txt (line 67)) (4.0.9)
Requirement already satisfied: piexif==1.1.3 in /usr/lib/python3/dist-packages (from -r /home/ceojoe/FTP/temperature_probes/requirements.txt (line 68)) (1.1.3)
Requirement already satisfied: piglow==1.2.5 in /usr/lib/python3/dist-packages (from -r /home/ceojoe/FTP/temperature_probes/requirements.txt (line 69)) (1.2.5)
Requirement already satisfied: pigpio==1.78 in /usr/lib/python3/dist-packages (from -r /home/ceojoe/FTP/temperature_probes/requirements.txt (line 70)) (1.78)
Requirement already satisfied: Pillow==9.0.1 in /home/ceojoe/.local/lib/python3.9/site-packages (from -r /home/ceojoe/FTP/temperature_probes/requirements.txt (line 71)) (9.0.1)
Requirement already satisfied: psutil==5.8.0 in /usr/lib/python3/dist-packages (from -r /home/ceojoe/FTP/temperature_probes/requirements.txt (line 72)) (5.8.0)
Requirement already satisfied: pycairo==1.16.2 in /usr/lib/python3/dist-packages (from -r /home/ceojoe/FTP/temperature_probes/requirements.txt (line 73)) (1.16.2)
Requirement already satisfied: pycups==2.0.1 in /usr/lib/python3/dist-packages (from -r /home/ceojoe/FTP/temperature_probes/requirements.txt (line 74)) (2.0.1)
Requirement already satisfied: pygame==1.9.6 in /usr/lib/python3/dist-packages (from -r /home/ceojoe/FTP/temperature_probes/requirements.txt (line 75)) (1.9.6)
Requirement already satisfied: Pygments==2.7.1 in /usr/lib/python3/dist-packages (from -r /home/ceojoe/FTP/temperature_probes/requirements.txt (line 76)) (2.7.1)
Requirement already satisfied: PyGObject==3.38.0 in /usr/lib/python3/dist-packages (from -r /home/ceojoe/FTP/temperature_probes/requirements.txt (line 77)) (3.38.0)
Requirement already satisfied: pyinotify==0.9.6 in /usr/lib/python3/dist-packages (from -r /home/ceojoe/FTP/temperature_probes/requirements.txt (line 78)) (0.9.6)
Requirement already satisfied: PyJWT==1.7.1 in /usr/lib/python3/dist-packages (from -r /home/ceojoe/FTP/temperature_probes/requirements.txt (line 79)) (1.7.1)
Requirement already satisfied: pylint==2.7.2 in /usr/lib/python3/dist-packages (from -r /home/ceojoe/FTP/temperature_probes/requirements.txt (line 80)) (2.7.2)
Requirement already satisfied: PyOpenGL==3.1.5 in /usr/lib/python3/dist-packages (from -r /home/ceojoe/FTP/temperature_probes/requirements.txt (line 81)) (3.1.5)
Requirement already satisfied: pyOpenSSL==20.0.1 in /usr/lib/python3/dist-packages (from -r /home/ceojoe/FTP/temperature_probes/requirements.txt (line 82)) (20.0.1)
Requirement already satisfied: pyparsing==3.1.1 in /home/ceojoe/.local/lib/python3.9/site-packages (from -r /home/ceojoe/FTP/temperature_probes/requirements.txt (line 83)) (3.1.1)
Requirement already satisfied: PyQt5==5.15.2 in /usr/lib/python3/dist-packages (from -r /home/ceojoe/FTP/temperature_probes/requirements.txt (line 84)) (5.15.2)
Requirement already satisfied: PyQt5-sip==12.8.1 in /usr/lib/python3/dist-packages (from -r /home/ceojoe/FTP/temperature_probes/requirements.txt (line 85)) (12.8.1)
Requirement already satisfied: pyserial==3.5b0 in /usr/lib/python3/dist-packages (from -r /home/ceojoe/FTP/temperature_probes/requirements.txt (line 86)) (3.5b0)
Requirement already satisfied: pysmbc==1.0.23 in /usr/lib/python3/dist-packages (from -r /home/ceojoe/FTP/temperature_probes/requirements.txt (line 87)) (1.0.23)
Requirement already satisfied: python-apt==2.2.1 in /usr/lib/python3/dist-packages (from -r /home/ceojoe/FTP/temperature_probes/requirements.txt (line 88)) (2.2.1)
Requirement already satisfied: python-dateutil==2.8.2 in /home/ceojoe/.local/lib/python3.9/site-packages (from -r /home/ceojoe/FTP/temperature_probes/requirements.txt (line 89)) (2.8.2)
Requirement already satisfied: python-engineio==4.8.0 in /home/ceojoe/.local/lib/python3.9/site-packages (from -r /home/ceojoe/FTP/temperature_probes/requirements.txt (line 90)) (4.8.0)
Requirement already satisfied: python-prctl==1.7 in /usr/lib/python3/dist-packages (from -r /home/ceojoe/FTP/temperature_probes/requirements.txt (line 91)) (1.7)
Requirement already satisfied: python-socketio==5.10.0 in /home/ceojoe/.local/lib/python3.9/site-packages (from -r /home/ceojoe/FTP/temperature_probes/requirements.txt (line 92)) (5.10.0)
Requirement already satisfied: rainbowhat==0.1.0 in /usr/lib/python3/dist-packages (from -r /home/ceojoe/FTP/temperature_probes/requirements.txt (line 93)) (0.1.0)
Requirement already satisfied: reportlab==3.5.59 in /usr/lib/python3/dist-packages (from -r /home/ceojoe/FTP/temperature_probes/requirements.txt (line 94)) (3.5.59)
Requirement already satisfied: requests==2.25.1 in /usr/lib/python3/dist-packages (from -r /home/ceojoe/FTP/temperature_probes/requirements.txt (line 95)) (2.25.1)
Requirement already satisfied: requests-oauthlib==1.0.0 in /usr/lib/python3/dist-packages (from -r /home/ceojoe/FTP/temperature_probes/requirements.txt (line 96)) (1.0.0)
Requirement already satisfied: responses==0.12.1 in /usr/lib/python3/dist-packages (from -r /home/ceojoe/FTP/temperature_probes/requirements.txt (line 97)) (0.12.1)
Requirement already satisfied: roman==2.0.0 in /usr/lib/python3/dist-packages (from -r /home/ceojoe/FTP/temperature_probes/requirements.txt (line 98)) (2.0.0)
Requirement already satisfied: RPi.GPIO==0.7.0 in /usr/lib/python3/dist-packages (from -r /home/ceojoe/FTP/temperature_probes/requirements.txt (line 99)) (0.7.0)
Requirement already satisfied: RTIMULib==7.2.1 in /usr/lib/python3/dist-packages (from -r /home/ceojoe/FTP/temperature_probes/requirements.txt (line 100)) (7.2.1)
Requirement already satisfied: scrollphat==0.0.7 in /usr/lib/python3/dist-packages (from -r /home/ceojoe/FTP/temperature_probes/requirements.txt (line 101)) (0.0.7)
Requirement already satisfied: scrollphathd==1.2.1 in /usr/lib/python3/dist-packages (from -r /home/ceojoe/FTP/temperature_probes/requirements.txt (line 102)) (1.2.1)
Requirement already satisfied: Send2Trash==1.6.0b1 in /usr/lib/python3/dist-packages (from -r /home/ceojoe/FTP/temperature_probes/requirements.txt (line 103)) (1.6.0b1)
Requirement already satisfied: sense-hat==2.6.0 in /usr/lib/python3/dist-packages (from -r /home/ceojoe/FTP/temperature_probes/requirements.txt (line 104)) (2.6.0)
Requirement already satisfied: simple-websocket==1.0.0 in /home/ceojoe/.local/lib/python3.9/site-packages (from -r /home/ceojoe/FTP/temperature_probes/requirements.txt (line 105)) (1.0.0)
Requirement already satisfied: simplejpeg==1.6.4 in /usr/lib/python3/dist-packages (from -r /home/ceojoe/FTP/temperature_probes/requirements.txt (line 106)) (1.6.4)
Requirement already satisfied: simplejson==3.17.2 in /usr/lib/python3/dist-packages (from -r /home/ceojoe/FTP/temperature_probes/requirements.txt (line 107)) (3.17.2)
Requirement already satisfied: six==1.16.0 in /usr/lib/python3/dist-packages (from -r /home/ceojoe/FTP/temperature_probes/requirements.txt (line 108)) (1.16.0)
Requirement already satisfied: skywriter==0.0.7 in /usr/lib/python3/dist-packages (from -r /home/ceojoe/FTP/temperature_probes/requirements.txt (line 109)) (0.0.7)
Requirement already satisfied: sn3218==1.2.7 in /usr/lib/python3/dist-packages (from -r /home/ceojoe/FTP/temperature_probes/requirements.txt (line 110)) (1.2.7)
Requirement already satisfied: soupsieve==2.2.1 in /usr/lib/python3/dist-packages (from -r /home/ceojoe/FTP/temperature_probes/requirements.txt (line 111)) (2.2.1)
Requirement already satisfied: spidev==3.5 in /usr/lib/python3/dist-packages (from -r /home/ceojoe/FTP/temperature_probes/requirements.txt (line 112)) (3.5)
Requirement already satisfied: ssh-import-id==5.10 in /usr/lib/python3/dist-packages (from -r /home/ceojoe/FTP/temperature_probes/requirements.txt (line 113)) (5.10)
Requirement already satisfied: tflite-runtime==2.7.0 in /usr/local/lib/python3.9/dist-packages (from -r /home/ceojoe/FTP/temperature_probes/requirements.txt (line 114)) (2.7.0)
Requirement already satisfied: thonny==4.0.1 in /usr/lib/python3/dist-packages (from -r /home/ceojoe/FTP/temperature_probes/requirements.txt (line 115)) (4.0.1)
Requirement already satisfied: toml==0.10.1 in /usr/lib/python3/dist-packages (from -r /home/ceojoe/FTP/temperature_probes/requirements.txt (line 116)) (0.10.1)
Requirement already satisfied: touchphat==0.0.1 in /usr/lib/python3/dist-packages (from -r /home/ceojoe/FTP/temperature_probes/requirements.txt (line 117)) (0.0.1)
Requirement already satisfied: twython==3.8.2 in /usr/lib/python3/dist-packages (from -r /home/ceojoe/FTP/temperature_probes/requirements.txt (line 118)) (3.8.2)
Requirement already satisfied: typed-ast==1.4.2 in /usr/lib/python3/dist-packages (from -r /home/ceojoe/FTP/temperature_probes/requirements.txt (line 119)) (1.4.2)
Requirement already satisfied: typing-extensions==3.7.4.3 in /usr/lib/python3/dist-packages (from -r /home/ceojoe/FTP/temperature_probes/requirements.txt (line 120)) (3.7.4.3)
Requirement already satisfied: unicornhathd==0.0.4 in /usr/lib/python3/dist-packages (from -r /home/ceojoe/FTP/temperature_probes/requirements.txt (line 121)) (0.0.4)
Requirement already satisfied: urllib3==1.26.5 in /usr/lib/python3/dist-packages (from -r /home/ceojoe/FTP/temperature_probes/requirements.txt (line 122)) (1.26.5)
Requirement already satisfied: v4l2-python3==0.3.2 in /usr/lib/python3/dist-packages (from -r /home/ceojoe/FTP/temperature_probes/requirements.txt (line 123)) (0.3.2)
Requirement already satisfied: webencodings==0.5.1 in /usr/lib/python3/dist-packages (from -r /home/ceojoe/FTP/temperature_probes/requirements.txt (line 124)) (0.5.1)
Requirement already satisfied: werkzeug==3.0.1 in /home/ceojoe/.local/lib/python3.9/site-packages (from -r /home/ceojoe/FTP/temperature_probes/requirements.txt (line 125)) (3.0.1)
Requirement already satisfied: wrapt==1.12.1 in /usr/lib/python3/dist-packages (from -r /home/ceojoe/FTP/temperature_probes/requirements.txt (line 126)) (1.12.1)
Requirement already satisfied: wsproto==1.2.0 in /home/ceojoe/.local/lib/python3.9/site-packages (from -r /home/ceojoe/FTP/temperature_probes/requirements.txt (line 127)) (1.2.0)
Requirement already satisfied: zipp==3.17.0 in /home/ceojoe/.local/lib/python3.9/site-packages (from -r /home/ceojoe/FTP/temperature_probes/requirements.txt (line 128)) (3.17.0)
Requirement already satisfied: setuptools in /usr/lib/python3/dist-packages (from colorzero==2.0->-r /home/ceojoe/FTP/temperature_probes/requirements.txt (line 16)) (52.0.0)
